<?xml version="1.0" encoding="UTF-8"?>
<testsuite xmlns:xsi="http://www.w3.org/2001/XMLSchema-instance" xsi:noNamespaceSchemaLocation="https://maven.apache.org/surefire/maven-surefire-plugin/xsd/surefire-test-report-3.0.xsd" version="3.0" name="j2cpbase.tokenizer.TokenizerTest" time="0.091" tests="5" errors="0" skipped="0" failures="0">
  <properties>
    <property name="java.specification.version" value="20"/>
    <property name="sun.cpu.isalist" value="amd64"/>
    <property name="sun.jnu.encoding" value="Cp1252"/>
    <property name="java.class.path" value="c:\Users\lmuno\Desktop\Spring2024\Comp430\j2cpbase\target\test-classes;c:\Users\lmuno\Desktop\Spring2024\Comp430\j2cpbase\target\classes;C:\Users\lmuno\.m2\repository\junit\junit\4.11\junit-4.11.jar;C:\Users\lmuno\.m2\repository\org\hamcrest\hamcrest-core\1.3\hamcrest-core-1.3.jar;"/>
    <property name="java.vm.vendor" value="Oracle Corporation"/>
    <property name="sun.arch.data.model" value="64"/>
    <property name="user.variant" value=""/>
    <property name="java.vendor.url" value="https://java.oracle.com/"/>
    <property name="user.timezone" value="America/Los_Angeles"/>
    <property name="os.name" value="Windows 10"/>
    <property name="java.vm.specification.version" value="20"/>
    <property name="sun.java.launcher" value="SUN_STANDARD"/>
    <property name="user.country" value="US"/>
    <property name="sun.boot.library.path" value="C:\Program Files\Java\jdk-20\bin"/>
    <property name="sun.java.command" value="C:\Users\lmuno\AppData\Local\Temp\surefire4105435550246123156\surefirebooter-20240309101742770_3.jar C:\Users\lmuno\AppData\Local\Temp\surefire4105435550246123156 2024-03-09T10-17-42_588-jvmRun1 surefire-20240309101742770_1tmp surefire_0-20240309101742770_2tmp"/>
    <property name="jdk.debug" value="release"/>
    <property name="surefire.test.class.path" value="c:\Users\lmuno\Desktop\Spring2024\Comp430\j2cpbase\target\test-classes;c:\Users\lmuno\Desktop\Spring2024\Comp430\j2cpbase\target\classes;C:\Users\lmuno\.m2\repository\junit\junit\4.11\junit-4.11.jar;C:\Users\lmuno\.m2\repository\org\hamcrest\hamcrest-core\1.3\hamcrest-core-1.3.jar;"/>
    <property name="sun.cpu.endian" value="little"/>
    <property name="user.home" value="C:\Users\lmuno"/>
    <property name="user.language" value="en"/>
    <property name="java.specification.vendor" value="Oracle Corporation"/>
    <property name="java.version.date" value="2023-07-18"/>
    <property name="java.home" value="C:\Program Files\Java\jdk-20"/>
    <property name="file.separator" value="\"/>
    <property name="basedir" value="c:\Users\lmuno\Desktop\Spring2024\Comp430\j2cpbase"/>
    <property name="java.vm.compressedOopsMode" value="Zero based"/>
    <property name="line.separator" value="&#10;"/>
    <property name="java.vm.specification.vendor" value="Oracle Corporation"/>
    <property name="java.specification.name" value="Java Platform API Specification"/>
    <property name="surefire.real.class.path" value="C:\Users\lmuno\AppData\Local\Temp\surefire4105435550246123156\surefirebooter-20240309101742770_3.jar"/>
    <property name="user.script" value=""/>
    <property name="sun.management.compiler" value="HotSpot 64-Bit Tiered Compilers"/>
    <property name="java.runtime.version" value="20.0.2+9-78"/>
    <property name="user.name" value="lmuno"/>
    <property name="stdout.encoding" value="Cp1252"/>
    <property name="path.separator" value=";"/>
    <property name="os.version" value="10.0"/>
    <property name="java.runtime.name" value="Java(TM) SE Runtime Environment"/>
    <property name="file.encoding" value="UTF-8"/>
    <property name="java.vm.name" value="Java HotSpot(TM) 64-Bit Server VM"/>
    <property name="localRepository" value="C:\Users\lmuno\.m2\repository"/>
    <property name="java.vendor.url.bug" value="https://bugreport.java.com/bugreport/"/>
    <property name="java.io.tmpdir" value="C:\Users\lmuno\AppData\Local\Temp\"/>
    <property name="java.version" value="20.0.2"/>
    <property name="user.dir" value="c:\Users\lmuno\Desktop\Spring2024\Comp430\j2cpbase"/>
    <property name="os.arch" value="amd64"/>
    <property name="java.vm.specification.name" value="Java Virtual Machine Specification"/>
    <property name="sun.os.patch.level" value=""/>
    <property name="native.encoding" value="Cp1252"/>
    <property name="java.library.path" value="C:\Program Files\Java\jdk-20\bin;C:\Windows\Sun\Java\bin;C:\Windows\system32;C:\Windows;C:\Program Files\PowerShell\7;C:\Python312\Scripts\;C:\Python312\;C:\Program Files (x86)\VMware\VMware Player\bin\;C:\Program Files\Common Files\Oracle\Java\javapath;C:\Windows\system32;C:\Windows;C:\Windows\System32\Wbem;C:\Windows\System32\WindowsPowerShell\v1.0\;C:\Windows\System32\OpenSSH\;C:\Program Files\NVIDIA Corporation\NVIDIA NvDLISR;C:\Program Files\Java\jdk-19\bin;C:\Program Files (x86)\NVIDIA Corporation\PhysX\Common;C:\Program Files\Git\cmd;C:\gradle-8.2.1\bin;C:\Program Files\MySQL\MySQL Server 8.0\bin;C:\Program Files\nodejs\;C:\ProgramData\chocolatey\bin;C:\Program Files\Microsoft SQL Server\150\Tools\Binn\;C:\Program Files\Microsoft SQL Server\Client SDK\ODBC\170\Tools\Binn\;C:\Program Files\dotnet\;C:\Program Files\PowerShell\7\;C:\Program Files (x86)\Microsoft SQL Server\160\DTS\Binn\;C:\Program Files\Azure Data Studio\bin;C:\Users\lmuno\AppData\Local\Programs\Python\Python311\Scripts\;C:\Users\lmuno\AppData\Local\Programs\Python\Python311\;C:\Users\lmuno\AppData\Local\Programs\Python\Launcher\;C:\Users\lmuno\Scripts;C:\Program Files\MySQL\MySQL Shell 8.0\bin\;C:\Users\lmuno\AppData\Local\Microsoft\WindowsApps;C:\Users\lmuno\AppData\Local\Programs\Microsoft VS Code\bin;C:\MinGW\bin;C:\Users\lmuno\AppData\Local\GitHubDesktop\bin;C:\Users\lmuno\AppData\Roaming\npm;C:\Users\lmuno\AppData\Roaming\Microsoft\Windows\Start Menu\Programs\Python 3.11;C:\Program Files\sqlite-tools-win32-x86-3430100;C:\Program Files\nodejs;C:\Users\lmuno\.dotnet\tools;C:\Program Files\Azure Data Studio\bin;C:\Program Files\Maven\apache-maven-3.9.6\bin;;."/>
    <property name="java.vm.info" value="mixed mode, sharing"/>
    <property name="stderr.encoding" value="Cp1252"/>
    <property name="java.vendor" value="Oracle Corporation"/>
    <property name="java.vm.version" value="20.0.2+9-78"/>
    <property name="sun.io.unicode.encoding" value="UnicodeLittle"/>
    <property name="java.class.version" value="64.0"/>
  </properties>
  <testcase name="testSingleDigitInteger" classname="j2cpbase.tokenizer.TokenizerTest" time="0.015"/>
  <testcase name="testLet" classname="j2cpbase.tokenizer.TokenizerTest" time="0.0"/>
  <testcase name="testEmptyFile" classname="j2cpbase.tokenizer.TokenizerTest" time="0.0"/>
  <testcase name="testLetWhitespaceAtEnd" classname="j2cpbase.tokenizer.TokenizerTest" time="0.0"/>
  <testcase name="testMultiDigitInteger" classname="j2cpbase.tokenizer.TokenizerTest" time="0.0"/>
</testsuite>